<?xml version="1.0" encoding="UTF-8"?>
<!-- Generated by org.testng.reporters.JUnitReportReporter -->
<testsuite hostname="IN-PG02C846" failures="0" tests="1" name="maven_jekins.maven_jekins.pagetest1" time="17.657" errors="0" timestamp="2024-03-28T00:16:03 IST" skipped="0">
  <testcase classname="maven_jekins.maven_jekins.pagetest1" name="Testgoogle" time="17.657"/>
</testsuite> <!-- maven_jekins.maven_jekins.pagetest1 -->
